<?xml version="1.0" encoding="UTF-8"?>
<coverage generated="1595013457742" clover="3.2.0">
  <project timestamp="1595013457742" name="All files">
    <metrics statements="21" coveredstatements="18" conditionals="0" coveredconditionals="0" methods="11" coveredmethods="8" elements="32" coveredelements="26" complexity="0" loc="21" ncloc="21" packages="1" files="2" classes="2"/>
    <file name="sum.ts" path="/home/element/tutorials/typescript/typescript-starter/src/sum.ts">
      <metrics statements="5" coveredstatements="2" conditionals="0" coveredconditionals="0" methods="6" coveredmethods="3"/>
      <line num="2" count="1" type="stmt"/>
      <line num="6" count="0" type="stmt"/>
      <line num="10" count="2" type="stmt"/>
      <line num="14" count="0" type="stmt"/>
      <line num="18" count="0" type="stmt"/>
    </file>
    <file name="table.ts" path="/home/element/tutorials/typescript/typescript-starter/src/table.ts">
      <metrics statements="16" coveredstatements="16" conditionals="0" coveredconditionals="0" methods="5" coveredmethods="5"/>
      <line num="10" count="2" type="stmt"/>
      <line num="11" count="2" type="stmt"/>
      <line num="12" count="2" type="stmt"/>
      <line num="13" count="2" type="stmt"/>
      <line num="14" count="2" type="stmt"/>
      <line num="18" count="2" type="stmt"/>
      <line num="19" count="2" type="stmt"/>
      <line num="20" count="2" type="stmt"/>
      <line num="21" count="2" type="stmt"/>
      <line num="22" count="10" type="stmt"/>
      <line num="23" count="10" type="stmt"/>
      <line num="28" count="2" type="stmt"/>
      <line num="29" count="2" type="stmt"/>
      <line num="30" count="2" type="stmt"/>
      <line num="31" count="8" type="stmt"/>
      <line num="32" count="8" type="stmt"/>
    </file>
  </project>
</coverage>
