{"/home/element/tutorials/typescript/typescript-starter/src/sum.ts": {"path":"/home/element/tutorials/typescript/typescript-starter/src/sum.ts","statementMap":{"0":{"start":{"line":2,"column":2},"end":{"line":2,"column":15}},"1":{"start":{"line":6,"column":2},"end":{"line":6,"column":19}},"2":{"start":{"line":10,"column":2},"end":{"line":10,"column":43}},"3":{"start":{"line":10,"column":35},"end":{"line":10,"column":42}},"4":{"start":{"line":14,"column":2},"end":{"line":14,"column":23}},"5":{"start":{"line":18,"column":2},"end":{"line":18,"column":27}}},"fnMap":{"0":{"name":"sum","decl":{"start":{"line":1,"column":16},"end":{"line":1,"column":19}},"loc":{"start":{"line":1,"column":26},"end":{"line":3,"column":1}},"line":1},"1":{"name":"sum3","decl":{"start":{"line":5,"column":16},"end":{"line":5,"column":20}},"loc":{"start":{"line":5,"column":30},"end":{"line":7,"column":1}},"line":5},"2":{"name":"sumAny","decl":{"start":{"line":9,"column":16},"end":{"line":9,"column":22}},"loc":{"start":{"line":9,"column":45},"end":{"line":11,"column":1}},"line":9},"3":{"name":"(anonymous_3)","decl":{"start":{"line":10,"column":22},"end":{"line":10,"column":23}},"loc":{"start":{"line":10,"column":35},"end":{"line":10,"column":42}},"line":10},"4":{"name":"sum4","decl":{"start":{"line":13,"column":16},"end":{"line":13,"column":20}},"loc":{"start":{"line":13,"column":33},"end":{"line":15,"column":1}},"line":13},"5":{"name":"sum5","decl":{"start":{"line":17,"column":16},"end":{"line":17,"column":20}},"loc":{"start":{"line":17,"column":36},"end":{"line":19,"column":1}},"line":17}},"branchMap":{},"s":{"0":1,"1":0,"2":1,"3":2,"4":0,"5":0},"f":{"0":1,"1":0,"2":1,"3":2,"4":0,"5":0},"b":{},"_coverageSchema":"1a1c01bbd47fc00a2c39e90264f33305004495a9","hash":"e3891e96abb643b536a91afcd452a9568c8522f8"}
,"/home/element/tutorials/typescript/typescript-starter/src/table.ts": {"path":"/home/element/tutorials/typescript/typescript-starter/src/table.ts","statementMap":{"0":{"start":{"line":10,"column":8},"end":{"line":10,"column":53}},"1":{"start":{"line":11,"column":8},"end":{"line":11,"column":28}},"2":{"start":{"line":12,"column":8},"end":{"line":12,"column":46}},"3":{"start":{"line":13,"column":21},"end":{"line":13,"column":61}},"4":{"start":{"line":14,"column":8},"end":{"line":14,"column":37}},"5":{"start":{"line":18,"column":8},"end":{"line":18,"column":46}},"6":{"start":{"line":19,"column":21},"end":{"line":19,"column":44}},"7":{"start":{"line":20,"column":24},"end":{"line":20,"column":76}},"8":{"start":{"line":21,"column":8},"end":{"line":24,"column":10}},"9":{"start":{"line":22,"column":25},"end":{"line":22,"column":59}},"10":{"start":{"line":23,"column":12},"end":{"line":23,"column":36}},"11":{"start":{"line":28,"column":8},"end":{"line":34,"column":10}},"12":{"start":{"line":29,"column":24},"end":{"line":29,"column":68}},"13":{"start":{"line":30,"column":12},"end":{"line":33,"column":13}},"14":{"start":{"line":31,"column":29},"end":{"line":31,"column":61}},"15":{"start":{"line":32,"column":16},"end":{"line":32,"column":45}}},"fnMap":{"0":{"name":"(anonymous_0)","decl":{"start":{"line":9,"column":4},"end":{"line":9,"column":5}},"loc":{"start":{"line":9,"column":18},"end":{"line":15,"column":5}},"line":9},"1":{"name":"(anonymous_1)","decl":{"start":{"line":17,"column":4},"end":{"line":17,"column":5}},"loc":{"start":{"line":17,"column":18},"end":{"line":25,"column":5}},"line":17},"2":{"name":"(anonymous_2)","decl":{"start":{"line":21,"column":24},"end":{"line":21,"column":25}},"loc":{"start":{"line":21,"column":34},"end":{"line":24,"column":9}},"line":21},"3":{"name":"(anonymous_3)","decl":{"start":{"line":27,"column":4},"end":{"line":27,"column":5}},"loc":{"start":{"line":27,"column":27},"end":{"line":35,"column":5}},"line":27},"4":{"name":"(anonymous_4)","decl":{"start":{"line":28,"column":22},"end":{"line":28,"column":23}},"loc":{"start":{"line":28,"column":30},"end":{"line":34,"column":9}},"line":28}},"branchMap":{},"s":{"0":2,"1":2,"2":2,"3":2,"4":2,"5":2,"6":2,"7":2,"8":2,"9":10,"10":10,"11":2,"12":2,"13":2,"14":8,"15":8},"f":{"0":2,"1":2,"2":10,"3":2,"4":2},"b":{},"_coverageSchema":"1a1c01bbd47fc00a2c39e90264f33305004495a9","hash":"4493e27265e55af004b9e0f95656eac311e36911"}
}
