TN:
SF:src/sum.ts
FN:1,sum
FN:5,sum3
FN:9,sumAny
FN:10,(anonymous_3)
FN:13,sum4
FN:17,sum5
FNF:6
FNH:3
FNDA:1,sum
FNDA:0,sum3
FNDA:1,sumAny
FNDA:2,(anonymous_3)
FNDA:0,sum4
FNDA:0,sum5
DA:2,1
DA:6,0
DA:10,2
DA:14,0
DA:18,0
LF:5
LH:2
BRF:0
BRH:0
end_of_record
TN:
SF:src/table.ts
FN:9,(anonymous_0)
FN:17,(anonymous_1)
FN:21,(anonymous_2)
FN:27,(anonymous_3)
FN:28,(anonymous_4)
FNF:5
FNH:5
FNDA:2,(anonymous_0)
FNDA:2,(anonymous_1)
FNDA:10,(anonymous_2)
FNDA:2,(anonymous_3)
FNDA:2,(anonymous_4)
DA:10,2
DA:11,2
DA:12,2
DA:13,2
DA:14,2
DA:18,2
DA:19,2
DA:20,2
DA:21,2
DA:22,10
DA:23,10
DA:28,2
DA:29,2
DA:30,2
DA:31,8
DA:32,8
LF:16
LH:16
BRF:0
BRH:0
end_of_record
